[ninjashoping.xyz/index.html]
[backblue.gif]
[fade.gif]
[index.html]
[ninjashoping.xyz/assets/img/icon.png]
[ninjashoping.xyz/assets/vendor/bootstrap/css/bootstrap.min.css]
[ninjashoping.xyz/assets/vendor/bootstrap-icons/bootstrap-icons.css]
[ninjashoping.xyz/assets/vendor/aos/aos.css]
[ninjashoping.xyz/assets/vendor/remixicon/remixicon.css]
[ninjashoping.xyz/assets/vendor/swiper/swiper-bundle.min.css]
[ninjashoping.xyz/assets/vendor/glightbox/css/glightbox.min.css]
[ninjashoping.xyz/assets/css/style.css]
[ninjashoping.xyz/pagead2.googlesyndication.com/pagead/js/f02e202e2.txt]
[ninjashoping.xyz/index-2.html]
[ninjashoping.xyz/TOS.html]
[ninjashoping.xyz/feedback.html]
[ninjashoping.xyz/assets/img/shop/BLACK KNIGHT.png]
[ninjashoping.xyz/assets/img/shop/ar.png]
[ninjashoping.xyz/assets/img/shop/RENEGADE RAIDER.png]
[ninjashoping.xyz/assets/img/shop/OG Ghoul.png]
[ninjashoping.xyz/assets/img/shop/OG Skull Trooper.png]
[ninjashoping.xyz/assets/img/shop/All OG Skins.png]
[ninjashoping.xyz/assets/img/shop/ikonik.png]
[ninjashoping.xyz/assets/img/shop/All Exclusive Skins.png]
[ninjashoping.xyz/assets/img/shop/RECON EXPERT.png]
[ninjashoping.xyz/assets/img/shop/150+ Skins.png]
[ninjashoping.xyz/assets/img/shop/200+ Skins.png]
[ninjashoping.xyz/assets/img/shop/250+ Skins.png]
[ninjashoping.xyz/assets/img/testimonials/main.png]
[ninjashoping.xyz/assets/vendor/bootstrap/js/bootstrap.bundle.js]
[ninjashoping.xyz/assets/vendor/aos/aos.js]
[ninjashoping.xyz/assets/vendor/php-email-form/validate.js]
[ninjashoping.xyz/assets/vendor/swiper/swiper-bundle.min.js]
[ninjashoping.xyz/assets/vendor/purecounter/purecounter.js]
[ninjashoping.xyz/assets/vendor/isotope-layout/isotope.pkgd.min.js]
[ninjashoping.xyz/assets/vendor/glightbox/js/glightbox.min.js]
[ninjashoping.xyz/client.crisp.chat/l.js]
[ninjashoping.xyz/assets/js/main.js]
[ninjashoping.xyz/window.location.html]
[ninjashoping.xyz/app.betimes.pl/countdown/9172203390401277/loader308d308d.js]
[ninjashoping.xyz/index.html]
[ninjashoping.xyz/index-3.html]
[ninjashoping.xyz/assets/vendor/bootstrap/css/bootstrap.min.css]
[ninjashoping.xyz/assets/vendor/bootstrap-icons/fonts/bootstrap-icons63f363f3.woff2]
[ninjashoping.xyz/assets/vendor/bootstrap-icons/fonts/bootstrap-icons63f363f3.woff]
[ninjashoping.xyz/assets/vendor/bootstrap-icons/bootstrap-icons.css]
[ninjashoping.xyz/assets/vendor/aos/aos.css]
[ninjashoping.xyz/assets/vendor/remixicon/remixicondf6ddf6d.eot]
[ninjashoping.xyz/assets/vendor/remixicon/remixicondf6ddf6d.woff2]
[ninjashoping.xyz/assets/vendor/remixicon/remixicondf6ddf6d.woff]
[ninjashoping.xyz/assets/vendor/remixicon/remixicondf6ddf6d.ttf]
[ninjashoping.xyz/assets/vendor/remixicon/remixicon.css]
[ninjashoping.xyz/assets/vendor/swiper/swiper-bundle.min.css]
[ninjashoping.xyz/assets/vendor/glightbox/css/glightbox.min.css]
[ninjashoping.xyz/assets/vendor/remixicon/remixicondf6ddf6d.svg]
[ninjashoping.xyz/assets/img/hero-bg.png]
[ninjashoping.xyz/assets/img/tlo.html]
[ninjashoping.xyz/assets/img/team-shape.html]
[ninjashoping.xyz/assets/img/footer-bg.html]
[ninjashoping.xyz/assets/css/style.css]
[ninjashoping.xyz/index-2.html]
[ninjashoping.xyz/TOS.html]
[ninjashoping.xyz/feedback.html]
[ninjashoping.xyz/client.crisp.chat/l.html]
[ninjashoping.xyz/window.location.html]
[ninjashoping.xyz/app.betimes.pl/countdown/9172203390401277/loader308d308d.html]
[ninjashoping.xyz/index-3.html]
[ninjashoping.xyz/assets/vendor/remixicon/remixicondf6ddf6d.svg]
[ninjashoping.xyz/assets/img/tlo.html]
[ninjashoping.xyz/assets/img/team-shape.html]
[ninjashoping.xyz/assets/img/footer-bg.html]
